The system is: Linux - 2.6.32-504.8.1.el6.663g0000.x86_64 - x86_64
Compiling the C compiler identification source file "CMakeCCompilerId.c" succeeded.
Compiler: /usr/bin/cc 
Build flags: 
Id flags: 

The output was:
0


Compilation of the C compiler identification source "CMakeCCompilerId.c" produced "a.out"

The C compiler identification is GNU, found in "/PANFS/user/home/mgrecu/data/flann-1.8.4-src/build/CMakeFiles/3.1.0/CompilerIdC/a.out"

Compiling the CXX compiler identification source file "CMakeCXXCompilerId.cpp" succeeded.
Compiler: /usr/bin/c++ 
Build flags: 
Id flags: 

The output was:
0


Compilation of the CXX compiler identification source "CMakeCXXCompilerId.cpp" produced "a.out"

The CXX compiler identification is GNU, found in "/PANFS/user/home/mgrecu/data/flann-1.8.4-src/build/CMakeFiles/3.1.0/CompilerIdCXX/a.out"

Determining if the C compiler works passed with the following output:
Change Dir: /PANFS/user/home/mgrecu/data/flann-1.8.4-src/build/CMakeFiles/CMakeTmp

Run Build Command:"/usr/bin/gmake" "cmTryCompileExec3631308423/fast"
/usr/bin/gmake -f CMakeFiles/cmTryCompileExec3631308423.dir/build.make CMakeFiles/cmTryCompileExec3631308423.dir/build
gmake[1]: Entering directory `/panfs-hydra/user/data/mgrecu/flann-1.8.4-src/build/CMakeFiles/CMakeTmp'
/panfs-hydra/user/home/mgrecu/cmake-3.1.0-Linux-x86_64/bin/cmake -E cmake_progress_report /PANFS/user/home/mgrecu/data/flann-1.8.4-src/build/CMakeFiles/CMakeTmp/CMakeFiles 1
Building C object CMakeFiles/cmTryCompileExec3631308423.dir/testCCompiler.c.o
/usr/bin/cc    -o CMakeFiles/cmTryCompileExec3631308423.dir/testCCompiler.c.o   -c /PANFS/user/home/mgrecu/data/flann-1.8.4-src/build/CMakeFiles/CMakeTmp/testCCompiler.c
Linking C executable cmTryCompileExec3631308423
/panfs-hydra/user/home/mgrecu/cmake-3.1.0-Linux-x86_64/bin/cmake -E cmake_link_script CMakeFiles/cmTryCompileExec3631308423.dir/link.txt --verbose=1
/usr/bin/cc      CMakeFiles/cmTryCompileExec3631308423.dir/testCCompiler.c.o  -o cmTryCompileExec3631308423 -rdynamic 
gmake[1]: Leaving directory `/panfs-hydra/user/data/mgrecu/flann-1.8.4-src/build/CMakeFiles/CMakeTmp'


Detecting C compiler ABI info compiled with the following output:
Change Dir: /PANFS/user/home/mgrecu/data/flann-1.8.4-src/build/CMakeFiles/CMakeTmp

Run Build Command:"/usr/bin/gmake" "cmTryCompileExec1232348659/fast"
/usr/bin/gmake -f CMakeFiles/cmTryCompileExec1232348659.dir/build.make CMakeFiles/cmTryCompileExec1232348659.dir/build
gmake[1]: Entering directory `/panfs-hydra/user/data/mgrecu/flann-1.8.4-src/build/CMakeFiles/CMakeTmp'
/panfs-hydra/user/home/mgrecu/cmake-3.1.0-Linux-x86_64/bin/cmake -E cmake_progress_report /PANFS/user/home/mgrecu/data/flann-1.8.4-src/build/CMakeFiles/CMakeTmp/CMakeFiles 1
Building C object CMakeFiles/cmTryCompileExec1232348659.dir/CMakeCCompilerABI.c.o
/usr/bin/cc    -o CMakeFiles/cmTryCompileExec1232348659.dir/CMakeCCompilerABI.c.o   -c /panfs-hydra/user/home/mgrecu/cmake-3.1.0-Linux-x86_64/share/cmake-3.1/Modules/CMakeCCompilerABI.c
Linking C executable cmTryCompileExec1232348659
/panfs-hydra/user/home/mgrecu/cmake-3.1.0-Linux-x86_64/bin/cmake -E cmake_link_script CMakeFiles/cmTryCompileExec1232348659.dir/link.txt --verbose=1
/usr/bin/cc     -v CMakeFiles/cmTryCompileExec1232348659.dir/CMakeCCompilerABI.c.o  -o cmTryCompileExec1232348659 -rdynamic  
Using built-in specs.
Target: x86_64-redhat-linux
Configured with: ../configure --prefix=/usr --mandir=/usr/share/man --infodir=/usr/share/info --with-bugurl=http://bugzilla.redhat.com/bugzilla --enable-bootstrap --enable-shared --enable-threads=posix --enable-checking=release --with-system-zlib --enable-__cxa_atexit --disable-libunwind-exceptions --enable-gnu-unique-object --enable-languages=c,c++,objc,obj-c++,java,fortran,ada --enable-java-awt=gtk --disable-dssi --with-java-home=/usr/lib/jvm/java-1.5.0-gcj-1.5.0.0/jre --enable-libgcj-multifile --enable-java-maintainer-mode --with-ecj-jar=/usr/share/java/eclipse-ecj.jar --disable-libjava-multilib --with-ppl --with-cloog --with-tune=generic --with-arch_32=i686 --build=x86_64-redhat-linux
Thread model: posix
gcc version 4.4.7 20120313 (Red Hat 4.4.7-11) (GCC) 
COMPILER_PATH=/usr/libexec/gcc/x86_64-redhat-linux/4.4.7/:/usr/libexec/gcc/x86_64-redhat-linux/4.4.7/:/usr/libexec/gcc/x86_64-redhat-linux/:/usr/lib/gcc/x86_64-redhat-linux/4.4.7/:/usr/lib/gcc/x86_64-redhat-linux/:/usr/libexec/gcc/x86_64-redhat-linux/4.4.7/:/usr/libexec/gcc/x86_64-redhat-linux/:/usr/lib/gcc/x86_64-redhat-linux/4.4.7/:/usr/lib/gcc/x86_64-redhat-linux/
LIBRARY_PATH=/usr/lib/gcc/x86_64-redhat-linux/4.4.7/:/usr/lib/gcc/x86_64-redhat-linux/4.4.7/:/usr/lib/gcc/x86_64-redhat-linux/4.4.7/../../../../lib64/:/lib/../lib64/:/usr/lib/../lib64/:/PANFS/local/intel/Compiler/14.0.1/composer_xe_2013_sp1.1.106/compiler/lib/intel64/:/PANFS/local/intel/Compiler/14.0.1/composer_xe_2013_sp1.1.106/ipp/../compiler/lib/intel64/:/PANFS/local/intel/Compiler/14.0.1/composer_xe_2013_sp1.1.106/ipp/lib/intel64/:/PANFS/local/intel/Compiler/14.0.1/composer_xe_2013_sp1.1.106/compiler/lib/intel64/:/PANFS/local/intel/Compiler/14.0.1/composer_xe_2013_sp1.1.106/mkl/lib/intel64/:/PANFS/local/intel/Compiler/14.0.1/composer_xe_2013_sp1.1.106/tbb/lib/intel64/gcc4.4/:/usr/lib/gcc/x86_64-redhat-linux/4.4.7/../../../:/lib/:/usr/lib/
COLLECT_GCC_OPTIONS='-v' '-o' 'cmTryCompileExec1232348659' '-rdynamic' '-mtune=generic'
 /usr/libexec/gcc/x86_64-redhat-linux/4.4.7/collect2 --eh-frame-hdr --build-id -m elf_x86_64 --hash-style=gnu -export-dynamic -dynamic-linker /lib64/ld-linux-x86-64.so.2 -o cmTryCompileExec1232348659 /usr/lib/gcc/x86_64-redhat-linux/4.4.7/../../../../lib64/crt1.o /usr/lib/gcc/x86_64-redhat-linux/4.4.7/../../../../lib64/crti.o /usr/lib/gcc/x86_64-redhat-linux/4.4.7/crtbegin.o -L/usr/lib/gcc/x86_64-redhat-linux/4.4.7 -L/usr/lib/gcc/x86_64-redhat-linux/4.4.7 -L/usr/lib/gcc/x86_64-redhat-linux/4.4.7/../../../../lib64 -L/lib/../lib64 -L/usr/lib/../lib64 -L/PANFS/local/intel/Compiler/14.0.1/composer_xe_2013_sp1.1.106/compiler/lib/intel64 -L/PANFS/local/intel/Compiler/14.0.1/composer_xe_2013_sp1.1.106/ipp/../compiler/lib/intel64 -L/PANFS/local/intel/Compiler/14.0.1/composer_xe_2013_sp1.1.106/ipp/lib/intel64 -L/PANFS/local/intel/Compiler/14.0.1/composer_xe_2013_sp1.1.106/compiler/lib/intel64 -L/PANFS/local/intel/Compiler/14.0.1/composer_xe_2013_sp1.1.106/mkl/lib/intel64 -L/PANFS/local/intel/Compiler/14.0.1/composer_xe_2013_sp1.1.106/tbb/lib/intel64/gcc4.4 -L/usr/lib/gcc/x86_64-redhat-linux/4.4.7/../../.. CMakeFiles/cmTryCompileExec1232348659.dir/CMakeCCompilerABI.c.o -lgcc --as-needed -lgcc_s --no-as-needed -lc -lgcc --as-needed -lgcc_s --no-as-needed /usr/lib/gcc/x86_64-redhat-linux/4.4.7/crtend.o /usr/lib/gcc/x86_64-redhat-linux/4.4.7/../../../../lib64/crtn.o
gmake[1]: Leaving directory `/panfs-hydra/user/data/mgrecu/flann-1.8.4-src/build/CMakeFiles/CMakeTmp'


Parsed C implicit link information from above output:
  link line regex: [^( *|.*[/\])(ld|([^/\]+-)?ld|collect2)[^/\]*( |$)]
  ignore line: [Change Dir: /PANFS/user/home/mgrecu/data/flann-1.8.4-src/build/CMakeFiles/CMakeTmp]
  ignore line: []
  ignore line: [Run Build Command:"/usr/bin/gmake" "cmTryCompileExec1232348659/fast"]
  ignore line: [/usr/bin/gmake -f CMakeFiles/cmTryCompileExec1232348659.dir/build.make CMakeFiles/cmTryCompileExec1232348659.dir/build]
  ignore line: [gmake[1]: Entering directory `/panfs-hydra/user/data/mgrecu/flann-1.8.4-src/build/CMakeFiles/CMakeTmp']
  ignore line: [/panfs-hydra/user/home/mgrecu/cmake-3.1.0-Linux-x86_64/bin/cmake -E cmake_progress_report /PANFS/user/home/mgrecu/data/flann-1.8.4-src/build/CMakeFiles/CMakeTmp/CMakeFiles 1]
  ignore line: [Building C object CMakeFiles/cmTryCompileExec1232348659.dir/CMakeCCompilerABI.c.o]
  ignore line: [/usr/bin/cc    -o CMakeFiles/cmTryCompileExec1232348659.dir/CMakeCCompilerABI.c.o   -c /panfs-hydra/user/home/mgrecu/cmake-3.1.0-Linux-x86_64/share/cmake-3.1/Modules/CMakeCCompilerABI.c]
  ignore line: [Linking C executable cmTryCompileExec1232348659]
  ignore line: [/panfs-hydra/user/home/mgrecu/cmake-3.1.0-Linux-x86_64/bin/cmake -E cmake_link_script CMakeFiles/cmTryCompileExec1232348659.dir/link.txt --verbose=1]
  ignore line: [/usr/bin/cc     -v CMakeFiles/cmTryCompileExec1232348659.dir/CMakeCCompilerABI.c.o  -o cmTryCompileExec1232348659 -rdynamic  ]
  ignore line: [Using built-in specs.]
  ignore line: [Target: x86_64-redhat-linux]
  ignore line: [Configured with: ../configure --prefix=/usr --mandir=/usr/share/man --infodir=/usr/share/info --with-bugurl=http://bugzilla.redhat.com/bugzilla --enable-bootstrap --enable-shared --enable-threads=posix --enable-checking=release --with-system-zlib --enable-__cxa_atexit --disable-libunwind-exceptions --enable-gnu-unique-object --enable-languages=c,c++,objc,obj-c++,java,fortran,ada --enable-java-awt=gtk --disable-dssi --with-java-home=/usr/lib/jvm/java-1.5.0-gcj-1.5.0.0/jre --enable-libgcj-multifile --enable-java-maintainer-mode --with-ecj-jar=/usr/share/java/eclipse-ecj.jar --disable-libjava-multilib --with-ppl --with-cloog --with-tune=generic --with-arch_32=i686 --build=x86_64-redhat-linux]
  ignore line: [Thread model: posix]
  ignore line: [gcc version 4.4.7 20120313 (Red Hat 4.4.7-11) (GCC) ]
  ignore line: [COMPILER_PATH=/usr/libexec/gcc/x86_64-redhat-linux/4.4.7/:/usr/libexec/gcc/x86_64-redhat-linux/4.4.7/:/usr/libexec/gcc/x86_64-redhat-linux/:/usr/lib/gcc/x86_64-redhat-linux/4.4.7/:/usr/lib/gcc/x86_64-redhat-linux/:/usr/libexec/gcc/x86_64-redhat-linux/4.4.7/:/usr/libexec/gcc/x86_64-redhat-linux/:/usr/lib/gcc/x86_64-redhat-linux/4.4.7/:/usr/lib/gcc/x86_64-redhat-linux/]
  ignore line: [LIBRARY_PATH=/usr/lib/gcc/x86_64-redhat-linux/4.4.7/:/usr/lib/gcc/x86_64-redhat-linux/4.4.7/:/usr/lib/gcc/x86_64-redhat-linux/4.4.7/../../../../lib64/:/lib/../lib64/:/usr/lib/../lib64/:/PANFS/local/intel/Compiler/14.0.1/composer_xe_2013_sp1.1.106/compiler/lib/intel64/:/PANFS/local/intel/Compiler/14.0.1/composer_xe_2013_sp1.1.106/ipp/../compiler/lib/intel64/:/PANFS/local/intel/Compiler/14.0.1/composer_xe_2013_sp1.1.106/ipp/lib/intel64/:/PANFS/local/intel/Compiler/14.0.1/composer_xe_2013_sp1.1.106/compiler/lib/intel64/:/PANFS/local/intel/Compiler/14.0.1/composer_xe_2013_sp1.1.106/mkl/lib/intel64/:/PANFS/local/intel/Compiler/14.0.1/composer_xe_2013_sp1.1.106/tbb/lib/intel64/gcc4.4/:/usr/lib/gcc/x86_64-redhat-linux/4.4.7/../../../:/lib/:/usr/lib/]
  ignore line: [COLLECT_GCC_OPTIONS='-v' '-o' 'cmTryCompileExec1232348659' '-rdynamic' '-mtune=generic']
  link line: [ /usr/libexec/gcc/x86_64-redhat-linux/4.4.7/collect2 --eh-frame-hdr --build-id -m elf_x86_64 --hash-style=gnu -export-dynamic -dynamic-linker /lib64/ld-linux-x86-64.so.2 -o cmTryCompileExec1232348659 /usr/lib/gcc/x86_64-redhat-linux/4.4.7/../../../../lib64/crt1.o /usr/lib/gcc/x86_64-redhat-linux/4.4.7/../../../../lib64/crti.o /usr/lib/gcc/x86_64-redhat-linux/4.4.7/crtbegin.o -L/usr/lib/gcc/x86_64-redhat-linux/4.4.7 -L/usr/lib/gcc/x86_64-redhat-linux/4.4.7 -L/usr/lib/gcc/x86_64-redhat-linux/4.4.7/../../../../lib64 -L/lib/../lib64 -L/usr/lib/../lib64 -L/PANFS/local/intel/Compiler/14.0.1/composer_xe_2013_sp1.1.106/compiler/lib/intel64 -L/PANFS/local/intel/Compiler/14.0.1/composer_xe_2013_sp1.1.106/ipp/../compiler/lib/intel64 -L/PANFS/local/intel/Compiler/14.0.1/composer_xe_2013_sp1.1.106/ipp/lib/intel64 -L/PANFS/local/intel/Compiler/14.0.1/composer_xe_2013_sp1.1.106/compiler/lib/intel64 -L/PANFS/local/intel/Compiler/14.0.1/composer_xe_2013_sp1.1.106/mkl/lib/intel64 -L/PANFS/local/intel/Compiler/14.0.1/composer_xe_2013_sp1.1.106/tbb/lib/intel64/gcc4.4 -L/usr/lib/gcc/x86_64-redhat-linux/4.4.7/../../.. CMakeFiles/cmTryCompileExec1232348659.dir/CMakeCCompilerABI.c.o -lgcc --as-needed -lgcc_s --no-as-needed -lc -lgcc --as-needed -lgcc_s --no-as-needed /usr/lib/gcc/x86_64-redhat-linux/4.4.7/crtend.o /usr/lib/gcc/x86_64-redhat-linux/4.4.7/../../../../lib64/crtn.o]
    arg [/usr/libexec/gcc/x86_64-redhat-linux/4.4.7/collect2] ==> ignore
    arg [--eh-frame-hdr] ==> ignore
    arg [--build-id] ==> ignore
    arg [-m] ==> ignore
    arg [elf_x86_64] ==> ignore
    arg [--hash-style=gnu] ==> ignore
    arg [-export-dynamic] ==> ignore
    arg [-dynamic-linker] ==> ignore
    arg [/lib64/ld-linux-x86-64.so.2] ==> ignore
    arg [-o] ==> ignore
    arg [cmTryCompileExec1232348659] ==> ignore
    arg [/usr/lib/gcc/x86_64-redhat-linux/4.4.7/../../../../lib64/crt1.o] ==> ignore
    arg [/usr/lib/gcc/x86_64-redhat-linux/4.4.7/../../../../lib64/crti.o] ==> ignore
    arg [/usr/lib/gcc/x86_64-redhat-linux/4.4.7/crtbegin.o] ==> ignore
    arg [-L/usr/lib/gcc/x86_64-redhat-linux/4.4.7] ==> dir [/usr/lib/gcc/x86_64-redhat-linux/4.4.7]
    arg [-L/usr/lib/gcc/x86_64-redhat-linux/4.4.7] ==> dir [/usr/lib/gcc/x86_64-redhat-linux/4.4.7]
    arg [-L/usr/lib/gcc/x86_64-redhat-linux/4.4.7/../../../../lib64] ==> dir [/usr/lib/gcc/x86_64-redhat-linux/4.4.7/../../../../lib64]
    arg [-L/lib/../lib64] ==> dir [/lib/../lib64]
    arg [-L/usr/lib/../lib64] ==> dir [/usr/lib/../lib64]
    arg [-L/PANFS/local/intel/Compiler/14.0.1/composer_xe_2013_sp1.1.106/compiler/lib/intel64] ==> dir [/PANFS/local/intel/Compiler/14.0.1/composer_xe_2013_sp1.1.106/compiler/lib/intel64]
    arg [-L/PANFS/local/intel/Compiler/14.0.1/composer_xe_2013_sp1.1.106/ipp/../compiler/lib/intel64] ==> dir [/PANFS/local/intel/Compiler/14.0.1/composer_xe_2013_sp1.1.106/ipp/../compiler/lib/intel64]
    arg [-L/PANFS/local/intel/Compiler/14.0.1/composer_xe_2013_sp1.1.106/ipp/lib/intel64] ==> dir [/PANFS/local/intel/Compiler/14.0.1/composer_xe_2013_sp1.1.106/ipp/lib/intel64]
    arg [-L/PANFS/local/intel/Compiler/14.0.1/composer_xe_2013_sp1.1.106/compiler/lib/intel64] ==> dir [/PANFS/local/intel/Compiler/14.0.1/composer_xe_2013_sp1.1.106/compiler/lib/intel64]
    arg [-L/PANFS/local/intel/Compiler/14.0.1/composer_xe_2013_sp1.1.106/mkl/lib/intel64] ==> dir [/PANFS/local/intel/Compiler/14.0.1/composer_xe_2013_sp1.1.106/mkl/lib/intel64]
    arg [-L/PANFS/local/intel/Compiler/14.0.1/composer_xe_2013_sp1.1.106/tbb/lib/intel64/gcc4.4] ==> dir [/PANFS/local/intel/Compiler/14.0.1/composer_xe_2013_sp1.1.106/tbb/lib/intel64/gcc4.4]
    arg [-L/usr/lib/gcc/x86_64-redhat-linux/4.4.7/../../..] ==> dir [/usr/lib/gcc/x86_64-redhat-linux/4.4.7/../../..]
    arg [CMakeFiles/cmTryCompileExec1232348659.dir/CMakeCCompilerABI.c.o] ==> ignore
    arg [-lgcc] ==> lib [gcc]
    arg [--as-needed] ==> ignore
    arg [-lgcc_s] ==> lib [gcc_s]
    arg [--no-as-needed] ==> ignore
    arg [-lc] ==> lib [c]
    arg [-lgcc] ==> lib [gcc]
    arg [--as-needed] ==> ignore
    arg [-lgcc_s] ==> lib [gcc_s]
    arg [--no-as-needed] ==> ignore
    arg [/usr/lib/gcc/x86_64-redhat-linux/4.4.7/crtend.o] ==> ignore
    arg [/usr/lib/gcc/x86_64-redhat-linux/4.4.7/../../../../lib64/crtn.o] ==> ignore
  remove lib [gcc]
  remove lib [gcc_s]
  remove lib [gcc]
  remove lib [gcc_s]
  collapse library dir [/usr/lib/gcc/x86_64-redhat-linux/4.4.7] ==> [/usr/lib/gcc/x86_64-redhat-linux/4.4.7]
  collapse library dir [/usr/lib/gcc/x86_64-redhat-linux/4.4.7] ==> [/usr/lib/gcc/x86_64-redhat-linux/4.4.7]
  collapse library dir [/usr/lib/gcc/x86_64-redhat-linux/4.4.7/../../../../lib64] ==> [/usr/lib64]
  collapse library dir [/lib/../lib64] ==> [/lib64]
  collapse library dir [/usr/lib/../lib64] ==> [/usr/lib64]
  collapse library dir [/PANFS/local/intel/Compiler/14.0.1/composer_xe_2013_sp1.1.106/compiler/lib/intel64] ==> [/PANFS/local/intel/Compiler/14.0.1/composer_xe_2013_sp1.1.106/compiler/lib/intel64]
  collapse library dir [/PANFS/local/intel/Compiler/14.0.1/composer_xe_2013_sp1.1.106/ipp/../compiler/lib/intel64] ==> [/PANFS/local/intel/Compiler/14.0.1/composer_xe_2013_sp1.1.106/compiler/lib/intel64]
  collapse library dir [/PANFS/local/intel/Compiler/14.0.1/composer_xe_2013_sp1.1.106/ipp/lib/intel64] ==> [/PANFS/local/intel/Compiler/14.0.1/composer_xe_2013_sp1.1.106/ipp/lib/intel64]
  collapse library dir [/PANFS/local/intel/Compiler/14.0.1/composer_xe_2013_sp1.1.106/compiler/lib/intel64] ==> [/PANFS/local/intel/Compiler/14.0.1/composer_xe_2013_sp1.1.106/compiler/lib/intel64]
  collapse library dir [/PANFS/local/intel/Compiler/14.0.1/composer_xe_2013_sp1.1.106/mkl/lib/intel64] ==> [/PANFS/local/intel/Compiler/14.0.1/composer_xe_2013_sp1.1.106/mkl/lib/intel64]
  collapse library dir [/PANFS/local/intel/Compiler/14.0.1/composer_xe_2013_sp1.1.106/tbb/lib/intel64/gcc4.4] ==> [/PANFS/local/intel/Compiler/14.0.1/composer_xe_2013_sp1.1.106/tbb/lib/intel64/gcc4.4]
  collapse library dir [/usr/lib/gcc/x86_64-redhat-linux/4.4.7/../../..] ==> [/usr/lib]
  implicit libs: [c]
  implicit dirs: [/usr/lib/gcc/x86_64-redhat-linux/4.4.7;/usr/lib64;/lib64;/PANFS/local/intel/Compiler/14.0.1/composer_xe_2013_sp1.1.106/compiler/lib/intel64;/PANFS/local/intel/Compiler/14.0.1/composer_xe_2013_sp1.1.106/ipp/lib/intel64;/PANFS/local/intel/Compiler/14.0.1/composer_xe_2013_sp1.1.106/mkl/lib/intel64;/PANFS/local/intel/Compiler/14.0.1/composer_xe_2013_sp1.1.106/tbb/lib/intel64/gcc4.4;/usr/lib]
  implicit fwks: []


Determining if the CXX compiler works passed with the following output:
Change Dir: /PANFS/user/home/mgrecu/data/flann-1.8.4-src/build/CMakeFiles/CMakeTmp

Run Build Command:"/usr/bin/gmake" "cmTryCompileExec3545717981/fast"
/usr/bin/gmake -f CMakeFiles/cmTryCompileExec3545717981.dir/build.make CMakeFiles/cmTryCompileExec3545717981.dir/build
gmake[1]: Entering directory `/panfs-hydra/user/data/mgrecu/flann-1.8.4-src/build/CMakeFiles/CMakeTmp'
/panfs-hydra/user/home/mgrecu/cmake-3.1.0-Linux-x86_64/bin/cmake -E cmake_progress_report /PANFS/user/home/mgrecu/data/flann-1.8.4-src/build/CMakeFiles/CMakeTmp/CMakeFiles 1
Building CXX object CMakeFiles/cmTryCompileExec3545717981.dir/testCXXCompiler.cxx.o
/usr/bin/c++     -o CMakeFiles/cmTryCompileExec3545717981.dir/testCXXCompiler.cxx.o -c /PANFS/user/home/mgrecu/data/flann-1.8.4-src/build/CMakeFiles/CMakeTmp/testCXXCompiler.cxx
Linking CXX executable cmTryCompileExec3545717981
/panfs-hydra/user/home/mgrecu/cmake-3.1.0-Linux-x86_64/bin/cmake -E cmake_link_script CMakeFiles/cmTryCompileExec3545717981.dir/link.txt --verbose=1
/usr/bin/c++       CMakeFiles/cmTryCompileExec3545717981.dir/testCXXCompiler.cxx.o  -o cmTryCompileExec3545717981 -rdynamic 
gmake[1]: Leaving directory `/panfs-hydra/user/data/mgrecu/flann-1.8.4-src/build/CMakeFiles/CMakeTmp'


Detecting CXX compiler ABI info compiled with the following output:
Change Dir: /PANFS/user/home/mgrecu/data/flann-1.8.4-src/build/CMakeFiles/CMakeTmp

Run Build Command:"/usr/bin/gmake" "cmTryCompileExec3595989782/fast"
/usr/bin/gmake -f CMakeFiles/cmTryCompileExec3595989782.dir/build.make CMakeFiles/cmTryCompileExec3595989782.dir/build
gmake[1]: Entering directory `/panfs-hydra/user/data/mgrecu/flann-1.8.4-src/build/CMakeFiles/CMakeTmp'
/panfs-hydra/user/home/mgrecu/cmake-3.1.0-Linux-x86_64/bin/cmake -E cmake_progress_report /PANFS/user/home/mgrecu/data/flann-1.8.4-src/build/CMakeFiles/CMakeTmp/CMakeFiles 1
Building CXX object CMakeFiles/cmTryCompileExec3595989782.dir/CMakeCXXCompilerABI.cpp.o
/usr/bin/c++     -o CMakeFiles/cmTryCompileExec3595989782.dir/CMakeCXXCompilerABI.cpp.o -c /panfs-hydra/user/home/mgrecu/cmake-3.1.0-Linux-x86_64/share/cmake-3.1/Modules/CMakeCXXCompilerABI.cpp
Linking CXX executable cmTryCompileExec3595989782
/panfs-hydra/user/home/mgrecu/cmake-3.1.0-Linux-x86_64/bin/cmake -E cmake_link_script CMakeFiles/cmTryCompileExec3595989782.dir/link.txt --verbose=1
/usr/bin/c++      -v CMakeFiles/cmTryCompileExec3595989782.dir/CMakeCXXCompilerABI.cpp.o  -o cmTryCompileExec3595989782 -rdynamic  
Using built-in specs.
Target: x86_64-redhat-linux
Configured with: ../configure --prefix=/usr --mandir=/usr/share/man --infodir=/usr/share/info --with-bugurl=http://bugzilla.redhat.com/bugzilla --enable-bootstrap --enable-shared --enable-threads=posix --enable-checking=release --with-system-zlib --enable-__cxa_atexit --disable-libunwind-exceptions --enable-gnu-unique-object --enable-languages=c,c++,objc,obj-c++,java,fortran,ada --enable-java-awt=gtk --disable-dssi --with-java-home=/usr/lib/jvm/java-1.5.0-gcj-1.5.0.0/jre --enable-libgcj-multifile --enable-java-maintainer-mode --with-ecj-jar=/usr/share/java/eclipse-ecj.jar --disable-libjava-multilib --with-ppl --with-cloog --with-tune=generic --with-arch_32=i686 --build=x86_64-redhat-linux
Thread model: posix
gcc version 4.4.7 20120313 (Red Hat 4.4.7-11) (GCC) 
COMPILER_PATH=/usr/libexec/gcc/x86_64-redhat-linux/4.4.7/:/usr/libexec/gcc/x86_64-redhat-linux/4.4.7/:/usr/libexec/gcc/x86_64-redhat-linux/:/usr/lib/gcc/x86_64-redhat-linux/4.4.7/:/usr/lib/gcc/x86_64-redhat-linux/:/usr/libexec/gcc/x86_64-redhat-linux/4.4.7/:/usr/libexec/gcc/x86_64-redhat-linux/:/usr/lib/gcc/x86_64-redhat-linux/4.4.7/:/usr/lib/gcc/x86_64-redhat-linux/
LIBRARY_PATH=/usr/lib/gcc/x86_64-redhat-linux/4.4.7/:/usr/lib/gcc/x86_64-redhat-linux/4.4.7/:/usr/lib/gcc/x86_64-redhat-linux/4.4.7/../../../../lib64/:/lib/../lib64/:/usr/lib/../lib64/:/PANFS/local/intel/Compiler/14.0.1/composer_xe_2013_sp1.1.106/compiler/lib/intel64/:/PANFS/local/intel/Compiler/14.0.1/composer_xe_2013_sp1.1.106/ipp/../compiler/lib/intel64/:/PANFS/local/intel/Compiler/14.0.1/composer_xe_2013_sp1.1.106/ipp/lib/intel64/:/PANFS/local/intel/Compiler/14.0.1/composer_xe_2013_sp1.1.106/compiler/lib/intel64/:/PANFS/local/intel/Compiler/14.0.1/composer_xe_2013_sp1.1.106/mkl/lib/intel64/:/PANFS/local/intel/Compiler/14.0.1/composer_xe_2013_sp1.1.106/tbb/lib/intel64/gcc4.4/:/usr/lib/gcc/x86_64-redhat-linux/4.4.7/../../../:/lib/:/usr/lib/
COLLECT_GCC_OPTIONS='-v' '-o' 'cmTryCompileExec3595989782' '-rdynamic' '-shared-libgcc' '-mtune=generic'
 /usr/libexec/gcc/x86_64-redhat-linux/4.4.7/collect2 --eh-frame-hdr --build-id -m elf_x86_64 --hash-style=gnu -export-dynamic -dynamic-linker /lib64/ld-linux-x86-64.so.2 -o cmTryCompileExec3595989782 /usr/lib/gcc/x86_64-redhat-linux/4.4.7/../../../../lib64/crt1.o /usr/lib/gcc/x86_64-redhat-linux/4.4.7/../../../../lib64/crti.o /usr/lib/gcc/x86_64-redhat-linux/4.4.7/crtbegin.o -L/usr/lib/gcc/x86_64-redhat-linux/4.4.7 -L/usr/lib/gcc/x86_64-redhat-linux/4.4.7 -L/usr/lib/gcc/x86_64-redhat-linux/4.4.7/../../../../lib64 -L/lib/../lib64 -L/usr/lib/../lib64 -L/PANFS/local/intel/Compiler/14.0.1/composer_xe_2013_sp1.1.106/compiler/lib/intel64 -L/PANFS/local/intel/Compiler/14.0.1/composer_xe_2013_sp1.1.106/ipp/../compiler/lib/intel64 -L/PANFS/local/intel/Compiler/14.0.1/composer_xe_2013_sp1.1.106/ipp/lib/intel64 -L/PANFS/local/intel/Compiler/14.0.1/composer_xe_2013_sp1.1.106/compiler/lib/intel64 -L/PANFS/local/intel/Compiler/14.0.1/composer_xe_2013_sp1.1.106/mkl/lib/intel64 -L/PANFS/local/intel/Compiler/14.0.1/composer_xe_2013_sp1.1.106/tbb/lib/intel64/gcc4.4 -L/usr/lib/gcc/x86_64-redhat-linux/4.4.7/../../.. CMakeFiles/cmTryCompileExec3595989782.dir/CMakeCXXCompilerABI.cpp.o -lstdc++ -lm -lgcc_s -lgcc -lc -lgcc_s -lgcc /usr/lib/gcc/x86_64-redhat-linux/4.4.7/crtend.o /usr/lib/gcc/x86_64-redhat-linux/4.4.7/../../../../lib64/crtn.o
gmake[1]: Leaving directory `/panfs-hydra/user/data/mgrecu/flann-1.8.4-src/build/CMakeFiles/CMakeTmp'


Parsed CXX implicit link information from above output:
  link line regex: [^( *|.*[/\])(ld|([^/\]+-)?ld|collect2)[^/\]*( |$)]
  ignore line: [Change Dir: /PANFS/user/home/mgrecu/data/flann-1.8.4-src/build/CMakeFiles/CMakeTmp]
  ignore line: []
  ignore line: [Run Build Command:"/usr/bin/gmake" "cmTryCompileExec3595989782/fast"]
  ignore line: [/usr/bin/gmake -f CMakeFiles/cmTryCompileExec3595989782.dir/build.make CMakeFiles/cmTryCompileExec3595989782.dir/build]
  ignore line: [gmake[1]: Entering directory `/panfs-hydra/user/data/mgrecu/flann-1.8.4-src/build/CMakeFiles/CMakeTmp']
  ignore line: [/panfs-hydra/user/home/mgrecu/cmake-3.1.0-Linux-x86_64/bin/cmake -E cmake_progress_report /PANFS/user/home/mgrecu/data/flann-1.8.4-src/build/CMakeFiles/CMakeTmp/CMakeFiles 1]
  ignore line: [Building CXX object CMakeFiles/cmTryCompileExec3595989782.dir/CMakeCXXCompilerABI.cpp.o]
  ignore line: [/usr/bin/c++     -o CMakeFiles/cmTryCompileExec3595989782.dir/CMakeCXXCompilerABI.cpp.o -c /panfs-hydra/user/home/mgrecu/cmake-3.1.0-Linux-x86_64/share/cmake-3.1/Modules/CMakeCXXCompilerABI.cpp]
  ignore line: [Linking CXX executable cmTryCompileExec3595989782]
  ignore line: [/panfs-hydra/user/home/mgrecu/cmake-3.1.0-Linux-x86_64/bin/cmake -E cmake_link_script CMakeFiles/cmTryCompileExec3595989782.dir/link.txt --verbose=1]
  ignore line: [/usr/bin/c++      -v CMakeFiles/cmTryCompileExec3595989782.dir/CMakeCXXCompilerABI.cpp.o  -o cmTryCompileExec3595989782 -rdynamic  ]
  ignore line: [Using built-in specs.]
  ignore line: [Target: x86_64-redhat-linux]
  ignore line: [Configured with: ../configure --prefix=/usr --mandir=/usr/share/man --infodir=/usr/share/info --with-bugurl=http://bugzilla.redhat.com/bugzilla --enable-bootstrap --enable-shared --enable-threads=posix --enable-checking=release --with-system-zlib --enable-__cxa_atexit --disable-libunwind-exceptions --enable-gnu-unique-object --enable-languages=c,c++,objc,obj-c++,java,fortran,ada --enable-java-awt=gtk --disable-dssi --with-java-home=/usr/lib/jvm/java-1.5.0-gcj-1.5.0.0/jre --enable-libgcj-multifile --enable-java-maintainer-mode --with-ecj-jar=/usr/share/java/eclipse-ecj.jar --disable-libjava-multilib --with-ppl --with-cloog --with-tune=generic --with-arch_32=i686 --build=x86_64-redhat-linux]
  ignore line: [Thread model: posix]
  ignore line: [gcc version 4.4.7 20120313 (Red Hat 4.4.7-11) (GCC) ]
  ignore line: [COMPILER_PATH=/usr/libexec/gcc/x86_64-redhat-linux/4.4.7/:/usr/libexec/gcc/x86_64-redhat-linux/4.4.7/:/usr/libexec/gcc/x86_64-redhat-linux/:/usr/lib/gcc/x86_64-redhat-linux/4.4.7/:/usr/lib/gcc/x86_64-redhat-linux/:/usr/libexec/gcc/x86_64-redhat-linux/4.4.7/:/usr/libexec/gcc/x86_64-redhat-linux/:/usr/lib/gcc/x86_64-redhat-linux/4.4.7/:/usr/lib/gcc/x86_64-redhat-linux/]
  ignore line: [LIBRARY_PATH=/usr/lib/gcc/x86_64-redhat-linux/4.4.7/:/usr/lib/gcc/x86_64-redhat-linux/4.4.7/:/usr/lib/gcc/x86_64-redhat-linux/4.4.7/../../../../lib64/:/lib/../lib64/:/usr/lib/../lib64/:/PANFS/local/intel/Compiler/14.0.1/composer_xe_2013_sp1.1.106/compiler/lib/intel64/:/PANFS/local/intel/Compiler/14.0.1/composer_xe_2013_sp1.1.106/ipp/../compiler/lib/intel64/:/PANFS/local/intel/Compiler/14.0.1/composer_xe_2013_sp1.1.106/ipp/lib/intel64/:/PANFS/local/intel/Compiler/14.0.1/composer_xe_2013_sp1.1.106/compiler/lib/intel64/:/PANFS/local/intel/Compiler/14.0.1/composer_xe_2013_sp1.1.106/mkl/lib/intel64/:/PANFS/local/intel/Compiler/14.0.1/composer_xe_2013_sp1.1.106/tbb/lib/intel64/gcc4.4/:/usr/lib/gcc/x86_64-redhat-linux/4.4.7/../../../:/lib/:/usr/lib/]
  ignore line: [COLLECT_GCC_OPTIONS='-v' '-o' 'cmTryCompileExec3595989782' '-rdynamic' '-shared-libgcc' '-mtune=generic']
  link line: [ /usr/libexec/gcc/x86_64-redhat-linux/4.4.7/collect2 --eh-frame-hdr --build-id -m elf_x86_64 --hash-style=gnu -export-dynamic -dynamic-linker /lib64/ld-linux-x86-64.so.2 -o cmTryCompileExec3595989782 /usr/lib/gcc/x86_64-redhat-linux/4.4.7/../../../../lib64/crt1.o /usr/lib/gcc/x86_64-redhat-linux/4.4.7/../../../../lib64/crti.o /usr/lib/gcc/x86_64-redhat-linux/4.4.7/crtbegin.o -L/usr/lib/gcc/x86_64-redhat-linux/4.4.7 -L/usr/lib/gcc/x86_64-redhat-linux/4.4.7 -L/usr/lib/gcc/x86_64-redhat-linux/4.4.7/../../../../lib64 -L/lib/../lib64 -L/usr/lib/../lib64 -L/PANFS/local/intel/Compiler/14.0.1/composer_xe_2013_sp1.1.106/compiler/lib/intel64 -L/PANFS/local/intel/Compiler/14.0.1/composer_xe_2013_sp1.1.106/ipp/../compiler/lib/intel64 -L/PANFS/local/intel/Compiler/14.0.1/composer_xe_2013_sp1.1.106/ipp/lib/intel64 -L/PANFS/local/intel/Compiler/14.0.1/composer_xe_2013_sp1.1.106/compiler/lib/intel64 -L/PANFS/local/intel/Compiler/14.0.1/composer_xe_2013_sp1.1.106/mkl/lib/intel64 -L/PANFS/local/intel/Compiler/14.0.1/composer_xe_2013_sp1.1.106/tbb/lib/intel64/gcc4.4 -L/usr/lib/gcc/x86_64-redhat-linux/4.4.7/../../.. CMakeFiles/cmTryCompileExec3595989782.dir/CMakeCXXCompilerABI.cpp.o -lstdc++ -lm -lgcc_s -lgcc -lc -lgcc_s -lgcc /usr/lib/gcc/x86_64-redhat-linux/4.4.7/crtend.o /usr/lib/gcc/x86_64-redhat-linux/4.4.7/../../../../lib64/crtn.o]
    arg [/usr/libexec/gcc/x86_64-redhat-linux/4.4.7/collect2] ==> ignore
    arg [--eh-frame-hdr] ==> ignore
    arg [--build-id] ==> ignore
    arg [-m] ==> ignore
    arg [elf_x86_64] ==> ignore
    arg [--hash-style=gnu] ==> ignore
    arg [-export-dynamic] ==> ignore
    arg [-dynamic-linker] ==> ignore
    arg [/lib64/ld-linux-x86-64.so.2] ==> ignore
    arg [-o] ==> ignore
    arg [cmTryCompileExec3595989782] ==> ignore
    arg [/usr/lib/gcc/x86_64-redhat-linux/4.4.7/../../../../lib64/crt1.o] ==> ignore
    arg [/usr/lib/gcc/x86_64-redhat-linux/4.4.7/../../../../lib64/crti.o] ==> ignore
    arg [/usr/lib/gcc/x86_64-redhat-linux/4.4.7/crtbegin.o] ==> ignore
    arg [-L/usr/lib/gcc/x86_64-redhat-linux/4.4.7] ==> dir [/usr/lib/gcc/x86_64-redhat-linux/4.4.7]
    arg [-L/usr/lib/gcc/x86_64-redhat-linux/4.4.7] ==> dir [/usr/lib/gcc/x86_64-redhat-linux/4.4.7]
    arg [-L/usr/lib/gcc/x86_64-redhat-linux/4.4.7/../../../../lib64] ==> dir [/usr/lib/gcc/x86_64-redhat-linux/4.4.7/../../../../lib64]
    arg [-L/lib/../lib64] ==> dir [/lib/../lib64]
    arg [-L/usr/lib/../lib64] ==> dir [/usr/lib/../lib64]
    arg [-L/PANFS/local/intel/Compiler/14.0.1/composer_xe_2013_sp1.1.106/compiler/lib/intel64] ==> dir [/PANFS/local/intel/Compiler/14.0.1/composer_xe_2013_sp1.1.106/compiler/lib/intel64]
    arg [-L/PANFS/local/intel/Compiler/14.0.1/composer_xe_2013_sp1.1.106/ipp/../compiler/lib/intel64] ==> dir [/PANFS/local/intel/Compiler/14.0.1/composer_xe_2013_sp1.1.106/ipp/../compiler/lib/intel64]
    arg [-L/PANFS/local/intel/Compiler/14.0.1/composer_xe_2013_sp1.1.106/ipp/lib/intel64] ==> dir [/PANFS/local/intel/Compiler/14.0.1/composer_xe_2013_sp1.1.106/ipp/lib/intel64]
    arg [-L/PANFS/local/intel/Compiler/14.0.1/composer_xe_2013_sp1.1.106/compiler/lib/intel64] ==> dir [/PANFS/local/intel/Compiler/14.0.1/composer_xe_2013_sp1.1.106/compiler/lib/intel64]
    arg [-L/PANFS/local/intel/Compiler/14.0.1/composer_xe_2013_sp1.1.106/mkl/lib/intel64] ==> dir [/PANFS/local/intel/Compiler/14.0.1/composer_xe_2013_sp1.1.106/mkl/lib/intel64]
    arg [-L/PANFS/local/intel/Compiler/14.0.1/composer_xe_2013_sp1.1.106/tbb/lib/intel64/gcc4.4] ==> dir [/PANFS/local/intel/Compiler/14.0.1/composer_xe_2013_sp1.1.106/tbb/lib/intel64/gcc4.4]
    arg [-L/usr/lib/gcc/x86_64-redhat-linux/4.4.7/../../..] ==> dir [/usr/lib/gcc/x86_64-redhat-linux/4.4.7/../../..]
    arg [CMakeFiles/cmTryCompileExec3595989782.dir/CMakeCXXCompilerABI.cpp.o] ==> ignore
    arg [-lstdc++] ==> lib [stdc++]
    arg [-lm] ==> lib [m]
    arg [-lgcc_s] ==> lib [gcc_s]
    arg [-lgcc] ==> lib [gcc]
    arg [-lc] ==> lib [c]
    arg [-lgcc_s] ==> lib [gcc_s]
    arg [-lgcc] ==> lib [gcc]
    arg [/usr/lib/gcc/x86_64-redhat-linux/4.4.7/crtend.o] ==> ignore
    arg [/usr/lib/gcc/x86_64-redhat-linux/4.4.7/../../../../lib64/crtn.o] ==> ignore
  remove lib [gcc_s]
  remove lib [gcc]
  remove lib [gcc_s]
  remove lib [gcc]
  collapse library dir [/usr/lib/gcc/x86_64-redhat-linux/4.4.7] ==> [/usr/lib/gcc/x86_64-redhat-linux/4.4.7]
  collapse library dir [/usr/lib/gcc/x86_64-redhat-linux/4.4.7] ==> [/usr/lib/gcc/x86_64-redhat-linux/4.4.7]
  collapse library dir [/usr/lib/gcc/x86_64-redhat-linux/4.4.7/../../../../lib64] ==> [/usr/lib64]
  collapse library dir [/lib/../lib64] ==> [/lib64]
  collapse library dir [/usr/lib/../lib64] ==> [/usr/lib64]
  collapse library dir [/PANFS/local/intel/Compiler/14.0.1/composer_xe_2013_sp1.1.106/compiler/lib/intel64] ==> [/PANFS/local/intel/Compiler/14.0.1/composer_xe_2013_sp1.1.106/compiler/lib/intel64]
  collapse library dir [/PANFS/local/intel/Compiler/14.0.1/composer_xe_2013_sp1.1.106/ipp/../compiler/lib/intel64] ==> [/PANFS/local/intel/Compiler/14.0.1/composer_xe_2013_sp1.1.106/compiler/lib/intel64]
  collapse library dir [/PANFS/local/intel/Compiler/14.0.1/composer_xe_2013_sp1.1.106/ipp/lib/intel64] ==> [/PANFS/local/intel/Compiler/14.0.1/composer_xe_2013_sp1.1.106/ipp/lib/intel64]
  collapse library dir [/PANFS/local/intel/Compiler/14.0.1/composer_xe_2013_sp1.1.106/compiler/lib/intel64] ==> [/PANFS/local/intel/Compiler/14.0.1/composer_xe_2013_sp1.1.106/compiler/lib/intel64]
  collapse library dir [/PANFS/local/intel/Compiler/14.0.1/composer_xe_2013_sp1.1.106/mkl/lib/intel64] ==> [/PANFS/local/intel/Compiler/14.0.1/composer_xe_2013_sp1.1.106/mkl/lib/intel64]
  collapse library dir [/PANFS/local/intel/Compiler/14.0.1/composer_xe_2013_sp1.1.106/tbb/lib/intel64/gcc4.4] ==> [/PANFS/local/intel/Compiler/14.0.1/composer_xe_2013_sp1.1.106/tbb/lib/intel64/gcc4.4]
  collapse library dir [/usr/lib/gcc/x86_64-redhat-linux/4.4.7/../../..] ==> [/usr/lib]
  implicit libs: [stdc++;m;c]
  implicit dirs: [/usr/lib/gcc/x86_64-redhat-linux/4.4.7;/usr/lib64;/lib64;/PANFS/local/intel/Compiler/14.0.1/composer_xe_2013_sp1.1.106/compiler/lib/intel64;/PANFS/local/intel/Compiler/14.0.1/composer_xe_2013_sp1.1.106/ipp/lib/intel64;/PANFS/local/intel/Compiler/14.0.1/composer_xe_2013_sp1.1.106/mkl/lib/intel64;/PANFS/local/intel/Compiler/14.0.1/composer_xe_2013_sp1.1.106/tbb/lib/intel64/gcc4.4;/usr/lib]
  implicit fwks: []


Performing C SOURCE FILE Test OpenMP_FLAG_DETECTED succeded with the following output:
Change Dir: /PANFS/user/home/mgrecu/data/flann-1.8.4-src/build/CMakeFiles/CMakeTmp

Run Build Command:"/usr/bin/gmake" "cmTryCompileExec3063820533/fast"
/usr/bin/gmake -f CMakeFiles/cmTryCompileExec3063820533.dir/build.make CMakeFiles/cmTryCompileExec3063820533.dir/build
gmake[1]: Entering directory `/panfs-hydra/user/data/mgrecu/flann-1.8.4-src/build/CMakeFiles/CMakeTmp'
/panfs-hydra/user/home/mgrecu/cmake-3.1.0-Linux-x86_64/bin/cmake -E cmake_progress_report /PANFS/user/home/mgrecu/data/flann-1.8.4-src/build/CMakeFiles/CMakeTmp/CMakeFiles 1
Building C object CMakeFiles/cmTryCompileExec3063820533.dir/src.c.o
/usr/bin/cc   -DOpenMP_FLAG_DETECTED -fopenmp   -o CMakeFiles/cmTryCompileExec3063820533.dir/src.c.o   -c /PANFS/user/home/mgrecu/data/flann-1.8.4-src/build/CMakeFiles/CMakeTmp/src.c
Linking C executable cmTryCompileExec3063820533
/panfs-hydra/user/home/mgrecu/cmake-3.1.0-Linux-x86_64/bin/cmake -E cmake_link_script CMakeFiles/cmTryCompileExec3063820533.dir/link.txt --verbose=1
/usr/bin/cc   -DOpenMP_FLAG_DETECTED -fopenmp   CMakeFiles/cmTryCompileExec3063820533.dir/src.c.o  -o cmTryCompileExec3063820533 -rdynamic 
gmake[1]: Leaving directory `/panfs-hydra/user/data/mgrecu/flann-1.8.4-src/build/CMakeFiles/CMakeTmp'

Source file was:

#include <omp.h>
int main() {
#ifdef _OPENMP
  return 0;
#else
  breaks_on_purpose
#endif
}

Performing C++ SOURCE FILE Test OpenMP_FLAG_DETECTED succeded with the following output:
Change Dir: /PANFS/user/home/mgrecu/data/flann-1.8.4-src/build/CMakeFiles/CMakeTmp

Run Build Command:"/usr/bin/gmake" "cmTryCompileExec4208663433/fast"
/usr/bin/gmake -f CMakeFiles/cmTryCompileExec4208663433.dir/build.make CMakeFiles/cmTryCompileExec4208663433.dir/build
gmake[1]: Entering directory `/panfs-hydra/user/data/mgrecu/flann-1.8.4-src/build/CMakeFiles/CMakeTmp'
/panfs-hydra/user/home/mgrecu/cmake-3.1.0-Linux-x86_64/bin/cmake -E cmake_progress_report /PANFS/user/home/mgrecu/data/flann-1.8.4-src/build/CMakeFiles/CMakeTmp/CMakeFiles 1
Building CXX object CMakeFiles/cmTryCompileExec4208663433.dir/src.cxx.o
/usr/bin/c++    -DOpenMP_FLAG_DETECTED -fopenmp   -o CMakeFiles/cmTryCompileExec4208663433.dir/src.cxx.o -c /PANFS/user/home/mgrecu/data/flann-1.8.4-src/build/CMakeFiles/CMakeTmp/src.cxx
Linking CXX executable cmTryCompileExec4208663433
/panfs-hydra/user/home/mgrecu/cmake-3.1.0-Linux-x86_64/bin/cmake -E cmake_link_script CMakeFiles/cmTryCompileExec4208663433.dir/link.txt --verbose=1
/usr/bin/c++    -DOpenMP_FLAG_DETECTED -fopenmp   CMakeFiles/cmTryCompileExec4208663433.dir/src.cxx.o  -o cmTryCompileExec4208663433 -rdynamic 
gmake[1]: Leaving directory `/panfs-hydra/user/data/mgrecu/flann-1.8.4-src/build/CMakeFiles/CMakeTmp'

Source file was:

#include <omp.h>
int main() {
#ifdef _OPENMP
  return 0;
#else
  breaks_on_purpose
#endif
}

